2025-10-28 08:13:26 [DEBUG]: Итерация 0
2025-10-28 08:13:26 [INFO]: Это итерация номер 0, мы проверили её!
2025-10-28 08:13:27 [DEBUG]: Итерация 1
2025-10-28 08:13:27 [ERROR]: Ошибка: не обработанная ситуация на итерации 1
2025-10-28 08:13:28 [DEBUG]: Итерация 2
2025-10-28 08:13:28 [ERROR]: Ошибка: не обработанная ситуация на итерации 2
2025-10-28 08:13:29 [DEBUG]: Итерация 3
2025-10-28 08:13:29 [INFO]: Это итерация номер 3, мы проверили её!
2025-10-28 08:13:30 [DEBUG]: Итерация 4
2025-10-28 08:13:30 [ERROR]: Ошибка: не обработанная ситуация на итерации 4
2025-10-28 08:13:31 [DEBUG]: Итерация 5
2025-10-28 08:13:31 [WARNING]: Осторожно, число делится на 5: 5
2025-10-28 08:13:32 [DEBUG]: Итерация 6
2025-10-28 08:13:32 [INFO]: Это итерация номер 6, мы проверили её!
2025-10-28 08:13:33 [DEBUG]: Итерация 7
2025-10-28 08:13:33 [ERROR]: Ошибка: не обработанная ситуация на итерации 7
2025-10-28 08:13:34 [DEBUG]: Итерация 8
2025-10-28 08:13:34 [ERROR]: Ошибка: не обработанная ситуация на итерации 8
2025-10-28 08:13:35 [DEBUG]: Итерация 9
2025-10-28 08:13:35 [INFO]: Это итерация номер 9, мы проверили её!
2025-10-28 08:13:36 [DEBUG]: Итерация 10
2025-10-28 08:13:36 [WARNING]: Осторожно, число делится на 5: 10
2025-10-28 08:13:37 [DEBUG]: Итерация 11
2025-10-28 08:13:37 [ERROR]: Ошибка: не обработанная ситуация на итерации 11
2025-10-28 08:13:38 [DEBUG]: Итерация 12
2025-10-28 08:13:38 [INFO]: Это итерация номер 12, мы проверили её!
2025-10-28 08:13:39 [DEBUG]: Итерация 13
2025-10-28 08:13:39 [ERROR]: Ошибка: не обработанная ситуация на итерации 13
2025-10-28 08:13:40 [DEBUG]: Итерация 14
2025-10-28 08:13:40 [ERROR]: Ошибка: не обработанная ситуация на итерации 14
2025-10-28 08:13:41 [DEBUG]: Итерация 15
2025-10-28 08:13:41 [INFO]: Это итерация номер 15, мы проверили её!
2025-10-28 08:13:42 [DEBUG]: Итерация 16
2025-10-28 08:13:42 [ERROR]: Ошибка: не обработанная ситуация на итерации 16
2025-10-28 08:13:43 [DEBUG]: Итерация 17
2025-10-28 08:13:43 [ERROR]: Ошибка: не обработанная ситуация на итерации 17
2025-10-28 08:13:44 [DEBUG]: Итерация 18
2025-10-28 08:13:44 [INFO]: Это итерация номер 18, мы проверили её!
2025-10-28 08:13:45 [DEBUG]: Итерация 19
2025-10-28 08:13:45 [ERROR]: Ошибка: не обработанная ситуация на итерации 19
2025-10-28 08:13:46 [DEBUG]: Итерация 20
2025-10-28 08:13:46 [WARNING]: Осторожно, число делится на 5: 20
2025-10-28 08:13:47 [DEBUG]: Итерация 21
2025-10-28 08:13:47 [INFO]: Это итерация номер 21, мы проверили её!
2025-10-28 08:13:48 [DEBUG]: Итерация 22
2025-10-28 08:13:48 [ERROR]: Ошибка: не обработанная ситуация на итерации 22
2025-10-28 08:13:49 [DEBUG]: Итерация 23
2025-10-28 08:13:49 [ERROR]: Ошибка: не обработанная ситуация на итерации 23
2025-10-28 08:13:49 [CRITICAL]: Прервано пользователем
2025-10-28 08:23:23 [DEBUG]: Итерация 0
2025-10-28 08:23:23 [INFO]: Это итерация номер 0, мы проверили её!
2025-10-28 08:23:33 [DEBUG]: Итерация 1
2025-10-28 08:23:33 [ERROR]: Ошибка: не обработанная ситуация на итерации 1
2025-10-28 08:23:43 [DEBUG]: Итерация 2
2025-10-28 08:23:43 [ERROR]: Ошибка: не обработанная ситуация на итерации 2
2025-10-28 08:23:52 [DEBUG]: Итерация 0
2025-10-28 08:23:52 [INFO]: Это итерация номер 0, мы проверили её!
2025-10-28 08:23:53 [DEBUG]: Итерация 3
2025-10-28 08:23:53 [INFO]: Это итерация номер 3, мы проверили её!
2025-10-28 08:24:02 [DEBUG]: Итерация 1
2025-10-28 08:24:02 [ERROR]: Ошибка: не обработанная ситуация на итерации 1
2025-10-28 08:24:03 [DEBUG]: Итерация 4
2025-10-28 08:24:03 [ERROR]: Ошибка: не обработанная ситуация на итерации 4
2025-10-28 08:24:04 [CRITICAL]: Прервано пользователем
2025-10-28 08:24:16 [DEBUG]: Итерация 5
2025-10-28 08:24:16 [WARNING]: Осторожно, число делится на 5: 5
2025-10-28 08:24:21 [DEBUG]: Итерация 0
2025-10-28 08:24:21 [INFO]: Это итерация номер 0, мы проверили её!
2025-10-28 08:24:31 [DEBUG]: Итерация 1
2025-10-28 08:24:31 [ERROR]: Ошибка: не обработанная ситуация на итерации 1
2025-10-28 08:24:41 [DEBUG]: Итерация 2
2025-10-28 08:24:41 [ERROR]: Ошибка: не обработанная ситуация на итерации 2
2025-10-28 08:24:51 [DEBUG]: Итерация 3
2025-10-28 08:24:51 [INFO]: Это итерация номер 3, мы проверили её!
2025-10-28 08:24:57 [CRITICAL]: Прервано пользователем
2025-10-28 11:33:48 [DEBUG]: Итерация 0
2025-10-28 11:33:48 [INFO]: Это итерация номер 0, мы проверили её!
2025-10-28 11:33:58 [DEBUG]: Итерация 1
2025-10-28 11:33:58 [ERROR]: Ошибка: не обработанная ситуация на итерации 1
2025-10-28 11:34:01 [CRITICAL]: Прервано пользователем
2025-10-28 11:34:27 [DEBUG]: Итерация 0
2025-10-28 11:34:27 [INFO]: Это итерация номер 0, мы проверили её!
2025-10-28 11:35:28 [DEBUG]: Итерация 1
2025-10-28 11:35:29 [ERROR]: Ошибка: не обработанная ситуация на итерации 1
2025-10-28 11:35:42 [DEBUG]: Итерация 2
2025-10-28 11:35:43 [ERROR]: Ошибка: не обработанная ситуация на итерации 2
2025-10-28 11:37:15 [DEBUG]: Итерация 3
2025-10-28 11:37:15 [INFO]: Это итерация номер 3, мы проверили её!
2025-10-28 11:37:25 [DEBUG]: Итерация 4
2025-10-28 11:37:51 [ERROR]: Ошибка: не обработанная ситуация на итерации 4
2025-10-28 11:38:01 [DEBUG]: Итерация 5
2025-10-28 14:49:25 [DEBUG]: Итерация 0
2025-10-28 14:49:31 [INFO]: Это итерация номер 0, мы проверили её!
2025-10-28 14:49:48 [DEBUG]: Итерация 1
2025-10-28 14:49:50 [ERROR]: Ошибка: не обработанная ситуация на итерации 1
2025-10-28 14:50:24 [DEBUG]: Итерация 2
2025-10-28 14:50:25 [ERROR]: Ошибка: не обработанная ситуация на итерации 2
2025-10-28 14:50:42 [DEBUG]: Итерация 3
2025-10-28 14:50:45 [INFO]: Это итерация номер 3, мы проверили её!
2025-10-28 14:51:48 [DEBUG]: Итерация 4
2025-10-28 14:54:16 [ERROR]: Ошибка: не обработанная ситуация на итерации 4
2025-10-28 14:54:27 [DEBUG]: Итерация 5
2025-10-28 14:54:31 [WARNING]: Осторожно, число делится на 5: 5
2025-10-28 14:54:57 [DEBUG]: Итерация 6
2025-10-28 14:55:00 [INFO]: Это итерация номер 6, мы проверили её!
2025-10-28 14:55:10 [DEBUG]: Итерация 7
2025-10-28 14:55:10 [ERROR]: Ошибка: не обработанная ситуация на итерации 7
2025-10-28 14:55:20 [DEBUG]: Итерация 8
2025-10-28 14:55:23 [ERROR]: Ошибка: не обработанная ситуация на итерации 8
2025-10-28 14:55:38 [DEBUG]: Итерация 9
2025-10-28 14:55:39 [INFO]: Это итерация номер 9, мы проверили её!
2025-10-28 14:58:52 [DEBUG]: Итерация 10
2025-10-28 14:58:52 [WARNING]: Осторожно, число делится на 5: 10
2025-10-28 15:02:32 [DEBUG]: Итерация 11
2025-10-28 15:02:32 [ERROR]: Ошибка: не обработанная ситуация на итерации 11
2025-10-28 15:02:45 [DEBUG]: Итерация 12
2025-10-28 15:02:45 [INFO]: Это итерация номер 12, мы проверили её!
2025-10-28 15:02:55 [DEBUG]: Итерация 13
2025-10-28 15:02:55 [ERROR]: Ошибка: не обработанная ситуация на итерации 13
2025-10-28 15:03:05 [DEBUG]: Итерация 14
2025-10-28 15:03:28 [ERROR]: Ошибка: не обработанная ситуация на итерации 14
2025-10-28 15:03:39 [DEBUG]: Итерация 15
